2025-09-09 15:51:20,235 - __main__ - INFO - Environment: staging
2025-09-09 15:51:20,236 - __main__ - INFO - Version: 1.0.0
2025-09-09 15:55:56,557 - __main__ - INFO - Environment: production
2025-09-09 15:55:56,557 - __main__ - INFO - Version: 2.0.0
2025-09-09 15:56:17,857 - __main__ - INFO - Environment: production
2025-09-09 15:56:17,863 - __main__ - INFO - Version: 2.0.0
2025-09-09 15:56:35,722 - __main__ - INFO - Environment: production
2025-09-09 15:56:35,722 - __main__ - INFO - Version: 2.0.0
2025-09-09 15:56:52,148 - __main__ - INFO - Environment: production
2025-09-09 15:56:52,148 - __main__ - INFO - Version: 2.0.0
2025-09-09 15:57:07,164 - __main__ - INFO - Environment: production
2025-09-09 15:57:07,174 - __main__ - INFO - Version: 2.0.0
2025-09-09 15:58:06,067 - __main__ - INFO - Environment: production
2025-09-09 15:58:06,067 - __main__ - INFO - Version: 2.0.0
2025-09-09 15:58:21,409 - __main__ - INFO - Environment: production
2025-09-09 15:58:21,417 - __main__ - INFO - Version: 2.0.0
2025-09-09 15:58:39,249 - __main__ - INFO - Environment: production
2025-09-09 15:58:39,264 - __main__ - INFO - Version: 2.0.0
2025-09-09 15:59:40,841 - __main__ - INFO - Environment: production
2025-09-09 15:59:40,841 - __main__ - INFO - Version: 1.0.0
2025-09-09 16:04:05,024 - __main__ - INFO - Environment: staging
2025-09-09 16:04:05,024 - __main__ - INFO - Version: 1.0.1
2025-09-09 16:05:01,969 - __main__ - INFO - Environment: staging
2025-09-09 16:05:01,969 - __main__ - INFO - Version: 1.0.1
2025-09-09 16:05:39,860 - __main__ - INFO - Environment: staging
2025-09-09 16:05:39,860 - __main__ - INFO - Version: 1.0.1
2025-09-09 16:06:24,574 - __main__ - INFO - Environment: staging
2025-09-09 16:06:24,575 - __main__ - INFO - Version: 1.0.1
2025-09-09 22:45:42,651 - INFO - Starting production deployment...
2025-09-09 22:45:43,217 - INFO - Executing: Setting up environment
2025-09-09 22:45:43,217 - INFO - Setting up production environment...
2025-09-09 22:45:43,217 - INFO - Created directory: logs
2025-09-09 22:45:43,217 - INFO - Created directory: backups
2025-09-09 22:45:43,231 - INFO - Created directory: config
2025-09-09 22:45:43,304 - INFO - Created directory: static
2025-09-09 22:45:43,409 - INFO - Created directory: templates
2025-09-09 22:45:43,409 - INFO - Created directory: temp
2025-09-09 22:45:43,409 - INFO - Environment variables configured
2025-09-09 22:45:43,578 - INFO - Executing: Installing dependencies
2025-09-09 22:45:43,578 - INFO - Installing production dependencies...
2025-09-09 22:46:43,451 - INFO - Installed: flask==2.3.3
2025-09-09 22:46:53,313 - INFO - Installed: flask-cors==4.0.0
2025-09-09 22:46:55,852 - INFO - Installed: flask-limiter==3.5.0
2025-09-09 22:46:58,632 - INFO - Installed: redis==4.5.5
2025-09-09 22:47:01,445 - INFO - Installed: cachetools==5.3.0
2025-09-09 22:47:04,274 - INFO - Installed: requests==2.31.0
2025-09-09 22:47:07,023 - INFO - Installed: backoff==2.2.1
2025-09-09 22:47:10,631 - INFO - Installed: circuitbreaker==1.3.0
2025-09-09 22:47:13,447 - INFO - Installed: gunicorn==21.2.0
2025-09-09 22:47:16,508 - INFO - Installed: python-dotenv==1.0.0
2025-09-09 22:47:21,510 - INFO - Installed monitoring: prometheus-client==0.17.1
2025-09-09 22:47:27,009 - INFO - Installed monitoring: psutil==5.9.5
2025-09-09 22:47:27,045 - INFO - Dependencies installation completed
2025-09-09 22:47:27,174 - INFO - Executing: Creating production app
2025-09-09 22:47:27,181 - INFO - Creating production application...
2025-09-09 22:47:27,197 - INFO - Production application created: app_production.py
2025-09-09 22:47:27,222 - INFO - Executing: Creating config files
2025-09-09 22:47:27,223 - INFO - Creating configuration files...
2025-09-09 22:47:27,232 - INFO - Configuration files created
2025-09-09 22:47:27,252 - INFO - Executing: Creating deployment scripts
2025-09-09 22:47:27,253 - INFO - Creating deployment scripts...
2025-09-09 22:47:27,268 - ERROR - Error in Creating deployment scripts: 'charmap' codec can't encode character '\u2705' in position 263: character maps to <undefined>
